<?xml version="1.0" encoding="UTF-8"?>
<!-- Generated by org.testng.reporters.JUnitReportReporter -->
<testsuite hostname="DESKTOP-D9AU2S1" failures="0" tests="3" name="Testng.Runner" time="0.037" errors="0" timestamp="2023-12-18T13:24:54 IST" skipped="0">
  <testcase classname="Testng.Runner" name="search" time="0.015"/>
  <testcase classname="Testng.Runner" name="cart" time="0.009"/>
  <testcase classname="Testng.Runner" name="checkout" time="0.013"/>
</testsuite> <!-- Testng.Runner -->
