<?xml version="1.0" encoding="UTF-8"?>
<!-- Generated by org.testng.reporters.JUnitReportReporter -->
<testsuite hostname="DESKTOP-D9AU2S1" failures="0" tests="1" name="propertys.FecthP" time="64.239" errors="0" timestamp="2023-12-25T14:31:31 IST" skipped="0">
  <testcase classname="propertys.FecthP" name="login" time="64.239"/>
</testsuite> <!-- propertys.FecthP -->
