<?xml version="1.0" encoding="UTF-8"?>
<!-- Generated by org.testng.reporters.JUnitReportReporter -->
<testsuite hostname="DESKTOP-D9AU2S1" failures="0" tests="1" name="POM.runner" time="12.289" errors="0" timestamp="2023-12-22T12:47:38 IST" skipped="0">
  <testcase classname="POM.runner" name="run" time="12.289"/>
</testsuite> <!-- POM.runner -->
