<?xml version="1.0" encoding="UTF-8"?>
<!-- Generated by org.testng.reporters.JUnitReportReporter -->
<testsuite hostname="DESKTOP-D9AU2S1" failures="0" tests="1" name="Framework.runner" time="67.861" errors="0" timestamp="2023-12-19T12:56:30 IST" skipped="0">
  <testcase classname="Framework.runner" name="run" time="67.861"/>
</testsuite> <!-- Framework.runner -->
