<?xml version="1.0" encoding="UTF-8"?>
<!-- Generated by org.testng.reporters.JUnitReportReporter -->
<testsuite hostname="DESKTOP-D9AU2S1" failures="0" tests="4" name="Testng.program1" time="0.033" errors="0" timestamp="2023-12-18T13:16:42 IST" skipped="0">
  <testcase classname="Testng.program1" name="send" time="0.003"/>
  <testcase classname="Testng.program1" name="sentItem" time="0.005"/>
  <testcase classname="Testng.program1" name="compose" time="0.017"/>
  <testcase classname="Testng.program1" name="trash" time="0.008"/>
</testsuite> <!-- Testng.program1 -->
