<?xml version="1.0" encoding="UTF-8"?>
<!-- Generated by org.testng.reporters.JUnitReportReporter -->
<testsuite hostname="DESKTOP-D9AU2S1" failures="0" tests="1" name="Reports_gen.extent_script" time="102.486" errors="0" timestamp="2023-12-29T13:48:21 IST" skipped="0">
  <testcase classname="Reports_gen.extent_script" name="sample" time="102.486"/>
</testsuite> <!-- Reports_gen.extent_script -->
